<?xml version="1.0" encoding="UTF-8"?>
<testsuite name="br.com.dalcatech.admin.catalogo.application.UseCaseTest" tests="1" skipped="0" failures="0" errors="0" timestamp="2022-08-20T17:50:29" hostname="MacBook-Pro-de-Gonzalo.local" time="0.166">
  <properties/>
  <testcase name="testCreateUseCase()" classname="br.com.dalcatech.admin.catalogo.application.UseCaseTest" time="0.166"/>
  <system-out><![CDATA[]]></system-out>
  <system-err><![CDATA[]]></system-err>
</testsuite>
