<?xml version="1.0" encoding="UTF-8"?>
<testsuite name="br.com.dalcatech.admin.catalogo.application.category.retrieve.list.ListCategoryUseCaseTest" tests="3" skipped="0" failures="0" errors="0" timestamp="2022-10-11T00:18:30" hostname="MacBook-Pro-de-Gonzalo.local" time="0.021">
  <properties/>
  <testcase name="givenAValidQuery_whenHasNoResults_thenShouldReturnEmptyCategories()" classname="br.com.dalcatech.admin.catalogo.application.category.retrieve.list.ListCategoryUseCaseTest" time="0.016"/>
  <testcase name="givenAValidQuery_whenCallsListCategories_thenShouldReturnCategories()" classname="br.com.dalcatech.admin.catalogo.application.category.retrieve.list.ListCategoryUseCaseTest" time="0.003"/>
  <testcase name="givenAValidQuery_whenGatewayThrowsException_thenShouldReturnException()" classname="br.com.dalcatech.admin.catalogo.application.category.retrieve.list.ListCategoryUseCaseTest" time="0.001"/>
  <system-out><![CDATA[]]></system-out>
  <system-err><![CDATA[]]></system-err>
</testsuite>
