<?xml version="1.0" encoding="UTF-8"?>
<testsuite name="br.com.dalcatech.admin.catalogo.application.category.delete.DeleteCategoryUseCaseTest" tests="3" skipped="0" failures="0" errors="0" timestamp="2022-08-24T01:17:13" hostname="MacBook-Pro-de-Gonzalo.local" time="0.005">
  <properties/>
  <testcase name="givenAValidId_whenCallsDeleteCategory_shouldReturnOK()" classname="br.com.dalcatech.admin.catalogo.application.category.delete.DeleteCategoryUseCaseTest" time="0.003"/>
  <testcase name="givenAValidID_whenGatewayThrowsException_shouldReturnException()" classname="br.com.dalcatech.admin.catalogo.application.category.delete.DeleteCategoryUseCaseTest" time="0.001"/>
  <testcase name="givenAnInvalidId_whenCallsDeleteCategory_shouldReturnOK()" classname="br.com.dalcatech.admin.catalogo.application.category.delete.DeleteCategoryUseCaseTest" time="0.001"/>
  <system-out><![CDATA[]]></system-out>
  <system-err><![CDATA[]]></system-err>
</testsuite>
