<?xml version="1.0" encoding="UTF-8"?>
<testsuite name="br.com.dalcatech.admin.catalogo.application.category.delete.DeleteCategoryUseCaseTest" tests="3" skipped="0" failures="0" errors="0" timestamp="2022-07-31T01:53:57" hostname="MacBook-Pro-de-Gonzalo.local" time="0.004">
  <properties/>
  <testcase name="givenAValidId_whenCallsDeleteCategory_shouldReturnOK()" classname="br.com.dalcatech.admin.catalogo.application.category.delete.DeleteCategoryUseCaseTest" time="0.002"/>
  <testcase name="givenAValidID_whenGatewayThrowsException_shouldReturnException()" classname="br.com.dalcatech.admin.catalogo.application.category.delete.DeleteCategoryUseCaseTest" time="0.001"/>
  <testcase name="givenAnInvalidId_whenCallsDeleteCategory_shouldReturnOK()" classname="br.com.dalcatech.admin.catalogo.application.category.delete.DeleteCategoryUseCaseTest" time="0.0"/>
  <system-out><![CDATA[]]></system-out>
  <system-err><![CDATA[]]></system-err>
</testsuite>
